[2020-08-28 10:44:48] * message: Compte 'disroot' : Connexion au serveur IMAP : disroot.org:993..
[2020-08-28 10:44:48] IMAP< * OK [CAPABILITY IMAP4rev1 LITERAL+ SASL-IR LOGIN-REFERRALS ID ENABLE IDLE AUTH=PLAIN AUTH=LOGIN] Dovecot ready. 
[2020-08-28 10:44:48] * message: IMAP connection is un-authenticated
[2020-08-28 10:44:48] IMAP> 1 CAPABILITY 
[2020-08-28 10:44:48] IMAP< * CAPABILITY IMAP4rev1 LITERAL+ SASL-IR LOGIN-REFERRALS ID ENABLE IDLE AUTH=PLAIN AUTH=LOGIN 
[2020-08-28 10:44:48] IMAP< 1 OK Pre-login capabilities listed, post-login capabilities have more. 
[2020-08-28 10:44:48] IMAP> Logging axelcalixte to disroot.org using PLAIN
[2020-08-28 10:44:49] IMAP< Logged in
[2020-08-28 10:44:49] IMAP< Login to disroot.org successful
[2020-08-28 10:44:49] IMAP> 3 LIST "" "" 
[2020-08-28 10:44:49] IMAP< * LIST (\Noselect) "." "" 
[2020-08-28 10:44:49] IMAP< 3 OK List completed (0.000 + 0.000 secs). 
[2020-08-28 10:44:49] IMAP> 4 STATUS INBOX (MESSAGES UIDNEXT UIDVALIDITY UNSEEN) 
[2020-08-28 10:44:49] IMAP< * STATUS INBOX (MESSAGES 11 UIDNEXT 803 UIDVALIDITY 1554901865 UNSEEN 0) 
[2020-08-28 10:44:49] IMAP< 4 OK Status completed (0.000 + 0.000 secs). 
[2020-08-28 10:44:49] IMAP> 5 SELECT INBOX 
[2020-08-28 10:44:49] IMAP< * FLAGS (\Answered \Flagged \Deleted \Seen \Draft NonJunk LoadRemoteImages $Forwarded) 
[2020-08-28 10:44:49] IMAP< * OK [PERMANENTFLAGS (\Answered \Flagged \Deleted \Seen \Draft NonJunk LoadRemoteImages $Forwarded \*)] Flags permitted. 
[2020-08-28 10:44:49] IMAP< * 11 EXISTS 
[2020-08-28 10:44:49] IMAP< * 0 RECENT 
[2020-08-28 10:44:49] IMAP< * OK [UIDVALIDITY 1554901865] UIDs valid 
[2020-08-28 10:44:49] IMAP< * OK [UIDNEXT 803] Predicted next UID 
[2020-08-28 10:44:49] IMAP< * OK [HIGHESTMODSEQ 2491] Highest 
[2020-08-28 10:44:49] IMAP< 5 OK [READ-WRITE] Select completed (0.000 + 0.000 secs). 
[2020-08-28 10:44:49] IMAP- [fetching UIDs...]
[2020-08-28 10:44:49] IMAP> 6 UID FETCH 1:* (UID) 
[2020-08-28 10:44:49] IMAP< [FETCH data - 277 bytes]
[2020-08-28 10:44:49] IMAP- [fetching flags...]
[2020-08-28 10:44:49] IMAP> 7 UID FETCH 1:* (FLAGS UID) 
[2020-08-28 10:44:49] IMAP< [FETCH data - 466 bytes]
[2020-08-28 10:44:49] IMAP> 8 STATUS Sent (MESSAGES UIDNEXT UIDVALIDITY UNSEEN) 
[2020-08-28 10:44:49] IMAP< * STATUS Sent (MESSAGES 41 UIDNEXT 75 UIDVALIDITY 1554901869 UNSEEN 0) 
[2020-08-28 10:44:49] IMAP< 8 OK Status completed (0.000 + 0.000 secs). 
[2020-08-28 10:44:49] IMAP> 9 STATUS Drafts (MESSAGES UIDNEXT UIDVALIDITY UNSEEN) 
[2020-08-28 10:44:49] IMAP< * STATUS Drafts (MESSAGES 0 UIDNEXT 77 UIDVALIDITY 1554901866 UNSEEN 0) 
[2020-08-28 10:44:49] IMAP< 9 OK Status completed (0.000 + 0.000 secs). 
[2020-08-28 10:44:49] IMAP> 10 STATUS Queue (MESSAGES UIDNEXT UIDVALIDITY UNSEEN) 
[2020-08-28 10:44:49] IMAP< * STATUS Queue (MESSAGES 0 UIDNEXT 5 UIDVALIDITY 1554901876 UNSEEN 0) 
[2020-08-28 10:44:49] IMAP< 10 OK Status completed (0.000 + 0.000 secs). 
[2020-08-28 10:44:49] IMAP> 11 STATUS Trash (MESSAGES UIDNEXT UIDVALIDITY UNSEEN) 
[2020-08-28 10:44:49] IMAP< * STATUS Trash (MESSAGES 54 UIDNEXT 923 UIDVALIDITY 1554901870 UNSEEN 0) 
[2020-08-28 10:44:49] IMAP< 11 OK Status completed (0.000 + 0.000 secs). 
[2020-08-28 10:44:49] IMAP> 12 STATUS Archive (MESSAGES UIDNEXT UIDVALIDITY UNSEEN) 
[2020-08-28 10:44:49] IMAP< * STATUS Archive (MESSAGES 107 UIDNEXT 559 UIDVALIDITY 1554901867 UNSEEN 0) 
[2020-08-28 10:44:49] IMAP< 12 OK Status completed (0.000 + 0.000 secs). 
[2020-08-28 10:44:49] IMAP> 13 STATUS "Archive.Banque" (MESSAGES UIDNEXT UIDVALIDITY UNSEEN) 
[2020-08-28 10:44:49] IMAP< * STATUS Archive.Banque (MESSAGES 21 UIDNEXT 123 UIDVALIDITY 1554901882 UNSEEN 0) 
[2020-08-28 10:44:49] IMAP< 13 OK Status completed (0.000 + 0.000 secs). 
[2020-08-28 10:44:49] IMAP> 14 STATUS "Archive.Bouygues T&AOk-l&AOk-com" (MESSAGES UIDNEXT UIDVALIDITY UNSEEN) 
[2020-08-28 10:44:49] IMAP< * STATUS "Archive.Bouygues T&AOk-l&AOk-com" (MESSAGES 13 UIDNEXT 30 UIDVALIDITY 1554901883 UNSEEN 0) 
[2020-08-28 10:44:49] IMAP< 14 OK Status completed (0.000 + 0.000 secs). 
[2020-08-28 10:44:49] IMAP> 15 STATUS "Archive.Comptes" (MESSAGES UIDNEXT UIDVALIDITY UNSEEN) 
[2020-08-28 10:44:49] IMAP< * STATUS Archive.Comptes (MESSAGES 137 UIDNEXT 248 UIDVALIDITY 1554901884 UNSEEN 0) 
[2020-08-28 10:44:49] IMAP< 15 OK Status completed (0.000 + 0.000 secs). 
[2020-08-28 10:44:49] IMAP> 16 STATUS "Archive.Google" (MESSAGES UIDNEXT UIDVALIDITY UNSEEN) 
[2020-08-28 10:44:49] IMAP< * STATUS Archive.Google (MESSAGES 37 UIDNEXT 94 UIDVALIDITY 1554901881 UNSEEN 0) 
[2020-08-28 10:44:49] IMAP< 16 OK Status completed (0.000 + 0.000 secs). 
[2020-08-28 10:44:49] IMAP> 17 STATUS Junk (MESSAGES UIDNEXT UIDVALIDITY UNSEEN) 
[2020-08-28 10:44:49] IMAP< * STATUS Junk (MESSAGES 0 UIDNEXT 1 UIDVALIDITY 1554901868 UNSEEN 0) 
[2020-08-28 10:44:49] IMAP< 17 OK Status completed (0.000 + 0.000 secs). 
[2020-08-28 10:45:14] * message: Compte 'cock-li' : Connexion au serveur IMAP : mail.cock.li:993..
[2020-08-28 10:45:14] IMAP< * OK [CAPABILITY IMAP4rev1 SASL-IR LOGIN-REFERRALS ID ENABLE IDLE LITERAL+ AUTH=PLAIN AUTH=LOGIN] Dovecot ready. 
[2020-08-28 10:45:14] * message: IMAP connection is un-authenticated
[2020-08-28 10:45:15] IMAP> 1 CAPABILITY 
[2020-08-28 10:45:15] IMAP< * CAPABILITY IMAP4rev1 SASL-IR LOGIN-REFERRALS ID ENABLE IDLE LITERAL+ AUTH=PLAIN AUTH=LOGIN 
[2020-08-28 10:45:15] IMAP< 1 OK Pre-login capabilities listed, post-login capabilities have more. 
[2020-08-28 10:45:15] IMAP> Logging axelcalixte@cock.li to mail.cock.li using PLAIN
[2020-08-28 10:46:45] IMAP> 18 NOOP 
[2020-08-28 10:46:45] IMAP< 18 OK NOOP completed (0.000 + 0.000 secs). 
[2020-08-28 10:46:45] ** warning: Erreur IMAP sur mail.cock.li : erreur de flux
[2020-08-28 10:46:45] ** warning: Connexion IMAP rompue
[2020-08-28 10:46:45] IMAP< Error logging in to mail.cock.li
[2020-08-28 10:47:46] IMAP> 19 NOOP 
[2020-08-28 10:47:46] IMAP< 19 OK NOOP completed (0.001 + 0.000 secs). 
[2020-08-28 10:48:46] IMAP> 20 NOOP 
[2020-08-28 10:48:46] IMAP< 20 OK NOOP completed (0.001 + 0.000 secs). 
[2020-08-28 10:49:46] IMAP> 21 NOOP 
[2020-08-28 10:49:46] IMAP< 21 OK NOOP completed (0.001 + 0.000 secs). 
[2020-08-28 10:49:47] IMAP- [fetching UIDs...]
[2020-08-28 10:49:47] IMAP> 22 UID FETCH 1:* (UID) 
[2020-08-28 10:49:47] IMAP< [FETCH data - 278 bytes]
[2020-08-28 10:49:47] IMAP- [fetching flags...]
[2020-08-28 10:49:47] IMAP> 23 UID FETCH 1:* (FLAGS UID) 
[2020-08-28 10:49:47] IMAP< [FETCH data - 467 bytes]
[2020-08-28 10:49:47] IMAP> 24 STATUS Sent (MESSAGES UIDNEXT UIDVALIDITY UNSEEN) 
[2020-08-28 10:49:47] IMAP< * STATUS Sent (MESSAGES 41 UIDNEXT 75 UIDVALIDITY 1554901869 UNSEEN 0) 
[2020-08-28 10:49:47] IMAP< 24 OK Status completed (0.000 + 0.000 secs). 
[2020-08-28 10:49:47] IMAP> 25 STATUS Drafts (MESSAGES UIDNEXT UIDVALIDITY UNSEEN) 
[2020-08-28 10:49:47] IMAP< * STATUS Drafts (MESSAGES 0 UIDNEXT 77 UIDVALIDITY 1554901866 UNSEEN 0) 
[2020-08-28 10:49:47] IMAP< 25 OK Status completed (0.000 + 0.000 secs). 
[2020-08-28 10:49:47] IMAP> 26 STATUS Queue (MESSAGES UIDNEXT UIDVALIDITY UNSEEN) 
[2020-08-28 10:49:47] IMAP< * STATUS Queue (MESSAGES 0 UIDNEXT 5 UIDVALIDITY 1554901876 UNSEEN 0) 
[2020-08-28 10:49:47] IMAP< 26 OK Status completed (0.000 + 0.000 secs). 
[2020-08-28 10:49:47] IMAP> 27 STATUS Trash (MESSAGES UIDNEXT UIDVALIDITY UNSEEN) 
[2020-08-28 10:49:47] IMAP< * STATUS Trash (MESSAGES 54 UIDNEXT 923 UIDVALIDITY 1554901870 UNSEEN 0) 
[2020-08-28 10:49:47] IMAP< 27 OK Status completed (0.000 + 0.000 secs). 
[2020-08-28 10:49:47] IMAP> 28 STATUS Archive (MESSAGES UIDNEXT UIDVALIDITY UNSEEN) 
[2020-08-28 10:49:47] IMAP< * STATUS Archive (MESSAGES 107 UIDNEXT 559 UIDVALIDITY 1554901867 UNSEEN 0) 
[2020-08-28 10:49:47] IMAP< 28 OK Status completed (0.000 + 0.000 secs). 
[2020-08-28 10:49:47] IMAP> 29 STATUS "Archive.Banque" (MESSAGES UIDNEXT UIDVALIDITY UNSEEN) 
[2020-08-28 10:49:47] IMAP< * STATUS Archive.Banque (MESSAGES 21 UIDNEXT 123 UIDVALIDITY 1554901882 UNSEEN 0) 
[2020-08-28 10:49:47] IMAP< 29 OK Status completed (0.000 + 0.000 secs). 
[2020-08-28 10:49:47] IMAP> 30 STATUS "Archive.Bouygues T&AOk-l&AOk-com" (MESSAGES UIDNEXT UIDVALIDITY UNSEEN) 
[2020-08-28 10:49:47] IMAP< * STATUS "Archive.Bouygues T&AOk-l&AOk-com" (MESSAGES 13 UIDNEXT 30 UIDVALIDITY 1554901883 UNSEEN 0) 
[2020-08-28 10:49:47] IMAP< 30 OK Status completed (0.000 + 0.000 secs). 
[2020-08-28 10:49:47] IMAP> 31 STATUS "Archive.Comptes" (MESSAGES UIDNEXT UIDVALIDITY UNSEEN) 
[2020-08-28 10:49:47] IMAP< * STATUS Archive.Comptes (MESSAGES 137 UIDNEXT 248 UIDVALIDITY 1554901884 UNSEEN 0) 
[2020-08-28 10:49:47] IMAP< 31 OK Status completed (0.000 + 0.000 secs). 
[2020-08-28 10:49:47] IMAP> 32 STATUS "Archive.Google" (MESSAGES UIDNEXT UIDVALIDITY UNSEEN) 
[2020-08-28 10:49:47] IMAP< * STATUS Archive.Google (MESSAGES 37 UIDNEXT 94 UIDVALIDITY 1554901881 UNSEEN 0) 
[2020-08-28 10:49:47] IMAP< 32 OK Status completed (0.000 + 0.000 secs). 
[2020-08-28 10:49:47] IMAP> 33 STATUS Junk (MESSAGES UIDNEXT UIDVALIDITY UNSEEN) 
[2020-08-28 10:49:47] IMAP< * STATUS Junk (MESSAGES 0 UIDNEXT 1 UIDVALIDITY 1554901868 UNSEEN 0) 
[2020-08-28 10:49:47] IMAP< 33 OK Status completed (0.000 + 0.000 secs). 
[2020-08-28 10:49:47] * message: Compte 'cock-li' : Connexion au serveur IMAP : mail.cock.li:993..
[2020-08-28 10:49:47] IMAP< * OK [CAPABILITY IMAP4rev1 SASL-IR LOGIN-REFERRALS ID ENABLE IDLE LITERAL+ AUTH=PLAIN AUTH=LOGIN] Dovecot ready. 
[2020-08-28 10:49:47] * message: IMAP connection is un-authenticated
[2020-08-28 10:49:47] IMAP> 1 CAPABILITY 
[2020-08-28 10:49:48] IMAP< * CAPABILITY IMAP4rev1 SASL-IR LOGIN-REFERRALS ID ENABLE IDLE LITERAL+ AUTH=PLAIN AUTH=LOGIN 
[2020-08-28 10:49:48] IMAP< 1 OK Pre-login capabilities listed, post-login capabilities have more. 
[2020-08-28 10:49:48] IMAP> Logging axelcalixte@cock.li to mail.cock.li using PLAIN
[2020-08-28 10:51:18] IMAP> 34 NOOP 
[2020-08-28 10:51:18] IMAP< 34 OK NOOP completed (0.001 + 0.000 secs). 
[2020-08-28 10:51:18] ** warning: Erreur IMAP sur mail.cock.li : erreur de flux
[2020-08-28 10:51:18] ** warning: Connexion IMAP rompue
[2020-08-28 10:51:18] IMAP< Error logging in to mail.cock.li
[2020-08-28 10:51:21] * message: Compte 'utt' : Connexion au serveur IMAP : mail.utt.fr:993..
[2020-08-28 10:51:21] IMAP< * OK IMAP4rev1 proxy server ready 
[2020-08-28 10:51:21] * message: IMAP connection is un-authenticated
[2020-08-28 10:51:21] IMAP> 1 CAPABILITY 
[2020-08-28 10:51:22] IMAP< * CAPABILITY ACL BINARY CATENATE CHILDREN CONDSTORE ENABLE ESEARCH ESORT I18NLEVEL=1 ID IDLE IMAP4rev1 LIST-EXTENDED LIST-STATUS LITERAL+ MULTIAPPEND NAMESPACE QRESYNC QUOTA RIGHTS=ektx SASL-IR SEARCHRES SORT THREAD=ORDEREDSUBJECT UIDPLUS UNSELECT WITHIN XLIST AUTH=PLAIN 
[2020-08-28 10:51:22] IMAP< 1 OK completed 
[2020-08-28 10:51:22] IMAP> Logging axel.calixte@utt.fr to mail.utt.fr using PLAIN
[2020-08-28 10:51:22] IMAP< AUTHENTICATE completed
[2020-08-28 10:51:22] IMAP< Login to mail.utt.fr successful
[2020-08-28 10:51:22] IMAP> 3 LIST "" "" 
[2020-08-28 10:51:22] IMAP< * LIST (\NoSelect) "/" "" 
[2020-08-28 10:51:22] IMAP< 3 OK LIST completed 
[2020-08-28 10:51:22] IMAP> 4 STATUS INBOX (MESSAGES UIDNEXT UIDVALIDITY UNSEEN) 
[2020-08-28 10:51:22] IMAP< * STATUS "INBOX" (MESSAGES 4 UIDNEXT 17902 UIDVALIDITY 1 UNSEEN 0) 
[2020-08-28 10:51:22] IMAP< 4 OK STATUS completed 
[2020-08-28 10:51:22] IMAP> 5 SELECT INBOX 
[2020-08-28 10:51:22] IMAP< * 4 EXISTS 
[2020-08-28 10:51:22] IMAP< * 1 RECENT 
[2020-08-28 10:51:22] IMAP< * OK [UIDVALIDITY 1] UIDs are valid for this mailbox 
[2020-08-28 10:51:22] IMAP< * OK [UIDNEXT 17902] next expected UID is 17902 
[2020-08-28 10:51:22] IMAP< * FLAGS (\Answered \Deleted \Draft \Flagged \Seen $Forwarded $MDNSent Forwarded $Junk $NotJunk Junk JunkRecorded NonJunk NotJunk) 
[2020-08-28 10:51:22] IMAP< * OK [PERMANENTFLAGS (\Answered \Deleted \Draft \Flagged \Seen $Forwarded $MDNSent Forwarded \*)] junk-related flags are not permanent 
[2020-08-28 10:51:22] IMAP< * OK [HIGHESTMODSEQ 48403] modseq tracked on this mailbox 
[2020-08-28 10:51:22] IMAP< 5 OK [READ-WRITE] SELECT completed 
[2020-08-28 10:51:22] IMAP- [fetching UIDs...]
[2020-08-28 10:51:22] IMAP> 6 UID FETCH 1:* (UID) 
[2020-08-28 10:51:22] IMAP< * 1 FETCH (UID 17660) 
[2020-08-28 10:51:22] IMAP< * 2 FETCH (UID 17700) 
[2020-08-28 10:51:22] IMAP< * 3 FETCH (UID 17900) 
[2020-08-28 10:51:22] IMAP< * 4 FETCH (UID 17901) 
[2020-08-28 10:51:22] IMAP< 6 OK UID FETCH completed 
[2020-08-28 10:51:22] IMAP> 7 UID FETCH 17901 (UID FLAGS RFC822.SIZE BODY.PEEK[HEADER.FIELDS (Date From To Cc Subject Message-ID References In-Reply-To)]) 
[2020-08-28 10:51:22] IMAP< [FETCH data - 669 bytes]
[2020-08-28 10:51:22] IMAP< 7 OK UID FETCH completed 
[2020-08-28 10:51:22] IMAP- [fetching flags...]
[2020-08-28 10:51:22] IMAP> 8 UID FETCH 1:* (FLAGS UID) 
[2020-08-28 10:51:22] IMAP< * 1 FETCH (UID 17660 FLAGS (\Seen)) 
[2020-08-28 10:51:22] IMAP< [FETCH data - 145 bytes]
[2020-08-28 10:51:22] IMAP> 9 STATUS Sent (MESSAGES UIDNEXT UIDVALIDITY UNSEEN) 
[2020-08-28 10:51:22] IMAP< * STATUS "Sent" (MESSAGES 60 UIDNEXT 17825 UIDVALIDITY 1 UNSEEN 0) 
[2020-08-28 10:51:22] IMAP< 9 OK STATUS completed 
[2020-08-28 10:51:22] IMAP> 10 STATUS Drafts (MESSAGES UIDNEXT UIDVALIDITY UNSEEN) 
[2020-08-28 10:51:22] IMAP< * STATUS "Drafts" (MESSAGES 0 UIDNEXT 17822 UIDVALIDITY 1 UNSEEN 0) 
[2020-08-28 10:51:22] IMAP< 10 OK STATUS completed 
[2020-08-28 10:51:22] IMAP> 11 STATUS Queue (MESSAGES UIDNEXT UIDVALIDITY UNSEEN) 
[2020-08-28 10:51:22] IMAP< * STATUS "Queue" (MESSAGES 0 UIDNEXT 17824 UIDVALIDITY 6370 UNSEEN 0) 
[2020-08-28 10:51:22] IMAP< 11 OK STATUS completed 
[2020-08-28 10:51:22] IMAP> 12 STATUS Trash (MESSAGES UIDNEXT UIDVALIDITY UNSEEN) 
[2020-08-28 10:51:22] IMAP< * STATUS "Trash" (MESSAGES 1 UIDNEXT 17827 UIDVALIDITY 1 UNSEEN 0) 
[2020-08-28 10:51:22] IMAP< 12 OK STATUS completed 
[2020-08-28 10:51:22] IMAP> 13 STATUS Archives (MESSAGES UIDNEXT UIDVALIDITY UNSEEN) 
[2020-08-28 10:51:22] IMAP< * STATUS "Archives" (MESSAGES 343 UIDNEXT 17884 UIDVALIDITY 3292 UNSEEN 0) 
[2020-08-28 10:51:22] IMAP< 13 OK STATUS completed 
[2020-08-28 10:52:19] IMAP> 35 NOOP 
[2020-08-28 10:52:19] IMAP< 35 OK NOOP completed (0.001 + 0.000 secs). 
[2020-08-28 10:52:22] IMAP> 14 NOOP 
[2020-08-28 10:52:22] IMAP< 14 OK NOOP completed 
[2020-08-28 10:53:19] IMAP> 36 NOOP 
[2020-08-28 10:53:19] IMAP< 36 OK NOOP completed (0.001 + 0.000 secs). 
[2020-08-28 10:53:22] IMAP> 15 NOOP 
[2020-08-28 10:53:22] IMAP< 15 OK NOOP completed 
[2020-08-28 10:54:19] IMAP> 37 NOOP 
[2020-08-28 10:54:19] IMAP< 37 OK NOOP completed (0.001 + 0.000 secs). 
[2020-08-28 10:54:22] IMAP> 16 NOOP 
[2020-08-28 10:54:22] IMAP< 16 OK NOOP completed 
[2020-08-28 10:55:19] IMAP> 38 NOOP 
[2020-08-28 10:55:19] IMAP< 38 OK NOOP completed (0.001 + 0.000 secs). 
[2020-08-28 10:55:22] IMAP> 17 NOOP 
[2020-08-28 10:55:22] IMAP< 17 OK NOOP completed 
[2020-08-28 10:56:19] IMAP> 39 NOOP 
[2020-08-28 10:56:19] IMAP< 39 OK NOOP completed (0.001 + 0.000 secs). 
[2020-08-28 10:56:22] IMAP> 18 NOOP 
[2020-08-28 10:56:22] IMAP< 18 OK NOOP completed 
[2020-08-28 10:56:23] IMAP- [fetching UIDs...]
[2020-08-28 10:56:23] IMAP> 40 UID FETCH 1:* (UID) 
[2020-08-28 10:56:23] IMAP< [FETCH data - 278 bytes]
[2020-08-28 10:56:23] IMAP- [fetching flags...]
[2020-08-28 10:56:23] IMAP> 41 UID FETCH 1:* (FLAGS UID) 
[2020-08-28 10:56:23] IMAP< [FETCH data - 467 bytes]
[2020-08-28 10:56:23] IMAP> 42 STATUS Sent (MESSAGES UIDNEXT UIDVALIDITY UNSEEN) 
[2020-08-28 10:56:23] IMAP< * STATUS Sent (MESSAGES 41 UIDNEXT 75 UIDVALIDITY 1554901869 UNSEEN 0) 
[2020-08-28 10:56:23] IMAP< 42 OK Status completed (0.000 + 0.000 secs). 
[2020-08-28 10:56:23] IMAP> 43 STATUS Drafts (MESSAGES UIDNEXT UIDVALIDITY UNSEEN) 
[2020-08-28 10:56:23] IMAP< * STATUS Drafts (MESSAGES 0 UIDNEXT 77 UIDVALIDITY 1554901866 UNSEEN 0) 
[2020-08-28 10:56:23] IMAP< 43 OK Status completed (0.000 + 0.000 secs). 
[2020-08-28 10:56:23] IMAP> 44 STATUS Queue (MESSAGES UIDNEXT UIDVALIDITY UNSEEN) 
[2020-08-28 10:56:23] IMAP< * STATUS Queue (MESSAGES 0 UIDNEXT 5 UIDVALIDITY 1554901876 UNSEEN 0) 
[2020-08-28 10:56:23] IMAP< 44 OK Status completed (0.000 + 0.000 secs). 
[2020-08-28 10:56:23] IMAP> 45 STATUS Trash (MESSAGES UIDNEXT UIDVALIDITY UNSEEN) 
[2020-08-28 10:56:23] IMAP< * STATUS Trash (MESSAGES 54 UIDNEXT 923 UIDVALIDITY 1554901870 UNSEEN 0) 
[2020-08-28 10:56:23] IMAP< 45 OK Status completed (0.000 + 0.000 secs). 
[2020-08-28 10:56:23] IMAP> 46 STATUS Archive (MESSAGES UIDNEXT UIDVALIDITY UNSEEN) 
[2020-08-28 10:56:23] IMAP< * STATUS Archive (MESSAGES 107 UIDNEXT 559 UIDVALIDITY 1554901867 UNSEEN 0) 
[2020-08-28 10:56:23] IMAP< 46 OK Status completed (0.000 + 0.000 secs). 
[2020-08-28 10:56:23] IMAP> 47 STATUS "Archive.Banque" (MESSAGES UIDNEXT UIDVALIDITY UNSEEN) 
[2020-08-28 10:56:23] IMAP< * STATUS Archive.Banque (MESSAGES 21 UIDNEXT 123 UIDVALIDITY 1554901882 UNSEEN 0) 
[2020-08-28 10:56:23] IMAP< 47 OK Status completed (0.000 + 0.000 secs). 
[2020-08-28 10:56:23] IMAP> 48 STATUS "Archive.Bouygues T&AOk-l&AOk-com" (MESSAGES UIDNEXT UIDVALIDITY UNSEEN) 
[2020-08-28 10:56:23] IMAP< * STATUS "Archive.Bouygues T&AOk-l&AOk-com" (MESSAGES 13 UIDNEXT 30 UIDVALIDITY 1554901883 UNSEEN 0) 
[2020-08-28 10:56:23] IMAP< 48 OK Status completed (0.000 + 0.000 secs). 
[2020-08-28 10:56:23] IMAP> 49 STATUS "Archive.Comptes" (MESSAGES UIDNEXT UIDVALIDITY UNSEEN) 
[2020-08-28 10:56:23] IMAP< * STATUS Archive.Comptes (MESSAGES 137 UIDNEXT 248 UIDVALIDITY 1554901884 UNSEEN 0) 
[2020-08-28 10:56:23] IMAP< 49 OK Status completed (0.000 + 0.000 secs). 
[2020-08-28 10:56:23] IMAP> 50 STATUS "Archive.Google" (MESSAGES UIDNEXT UIDVALIDITY UNSEEN) 
[2020-08-28 10:56:23] IMAP< * STATUS Archive.Google (MESSAGES 37 UIDNEXT 94 UIDVALIDITY 1554901881 UNSEEN 0) 
[2020-08-28 10:56:23] IMAP< 50 OK Status completed (0.000 + 0.000 secs). 
[2020-08-28 10:56:23] IMAP> 51 STATUS Junk (MESSAGES UIDNEXT UIDVALIDITY UNSEEN) 
[2020-08-28 10:56:23] IMAP< * STATUS Junk (MESSAGES 0 UIDNEXT 1 UIDVALIDITY 1554901868 UNSEEN 0) 
[2020-08-28 10:56:23] IMAP< 51 OK Status completed (0.000 + 0.000 secs). 
[2020-08-28 10:56:23] * message: Compte 'cock-li' : Connexion au serveur IMAP : mail.cock.li:993..
[2020-08-28 10:56:23] IMAP< * OK [CAPABILITY IMAP4rev1 SASL-IR LOGIN-REFERRALS ID ENABLE IDLE LITERAL+ AUTH=PLAIN AUTH=LOGIN] Dovecot ready. 
[2020-08-28 10:56:23] * message: IMAP connection is un-authenticated
[2020-08-28 10:56:23] IMAP> 1 CAPABILITY 
[2020-08-28 10:56:24] IMAP< * CAPABILITY IMAP4rev1 SASL-IR LOGIN-REFERRALS ID ENABLE IDLE LITERAL+ AUTH=PLAIN AUTH=LOGIN 
[2020-08-28 10:56:24] IMAP< 1 OK Pre-login capabilities listed, post-login capabilities have more. 
[2020-08-28 10:56:24] IMAP> Logging axelcalixte@cock.li to mail.cock.li using PLAIN
[2020-08-28 10:57:54] IMAP> 52 NOOP 
[2020-08-28 10:57:54] IMAP< 52 OK NOOP completed (0.001 + 0.000 secs). 
[2020-08-28 10:57:54] IMAP> 19 NOOP 
[2020-08-28 10:57:54] IMAP< 19 OK NOOP completed 
[2020-08-28 10:57:54] ** warning: Erreur IMAP sur mail.cock.li : erreur de flux
[2020-08-28 10:57:54] ** warning: Connexion IMAP rompue
[2020-08-28 10:57:54] IMAP< Error logging in to mail.cock.li
[2020-08-28 10:58:01] IMAP- [fetching UIDs...]
[2020-08-28 10:58:01] IMAP> 20 UID FETCH 1:* (UID) 
[2020-08-28 10:58:02] IMAP< * 1 FETCH (UID 17660) 
[2020-08-28 10:58:02] IMAP< * 2 FETCH (UID 17700) 
[2020-08-28 10:58:02] IMAP< * 3 FETCH (UID 17900) 
[2020-08-28 10:58:02] IMAP< * 4 FETCH (UID 17901) 
[2020-08-28 10:58:02] IMAP< 20 OK UID FETCH completed 
[2020-08-28 10:58:02] IMAP- [fetching flags...]
[2020-08-28 10:58:02] IMAP> 21 UID FETCH 1:* (FLAGS UID) 
[2020-08-28 10:58:02] IMAP< * 1 FETCH (UID 17660 FLAGS (\Seen)) 
[2020-08-28 10:58:02] IMAP< [FETCH data - 146 bytes]
[2020-08-28 10:58:02] IMAP> 22 STATUS Sent (MESSAGES UIDNEXT UIDVALIDITY UNSEEN) 
[2020-08-28 10:58:02] IMAP< * STATUS "Sent" (MESSAGES 60 UIDNEXT 17825 UIDVALIDITY 1 UNSEEN 0) 
[2020-08-28 10:58:02] IMAP< 22 OK STATUS completed 
[2020-08-28 10:58:02] IMAP> 23 STATUS Drafts (MESSAGES UIDNEXT UIDVALIDITY UNSEEN) 
[2020-08-28 10:58:02] IMAP< * STATUS "Drafts" (MESSAGES 0 UIDNEXT 17822 UIDVALIDITY 1 UNSEEN 0) 
[2020-08-28 10:58:02] IMAP< 23 OK STATUS completed 
[2020-08-28 10:58:02] IMAP> 24 STATUS Queue (MESSAGES UIDNEXT UIDVALIDITY UNSEEN) 
[2020-08-28 10:58:02] IMAP< * STATUS "Queue" (MESSAGES 0 UIDNEXT 17824 UIDVALIDITY 6370 UNSEEN 0) 
[2020-08-28 10:58:02] IMAP< 24 OK STATUS completed 
[2020-08-28 10:58:02] IMAP> 25 STATUS Trash (MESSAGES UIDNEXT UIDVALIDITY UNSEEN) 
[2020-08-28 10:58:02] IMAP< * STATUS "Trash" (MESSAGES 1 UIDNEXT 17827 UIDVALIDITY 1 UNSEEN 0) 
[2020-08-28 10:58:02] IMAP< 25 OK STATUS completed 
[2020-08-28 10:58:02] IMAP> 26 STATUS Archives (MESSAGES UIDNEXT UIDVALIDITY UNSEEN) 
[2020-08-28 10:58:02] IMAP< * STATUS "Archives" (MESSAGES 343 UIDNEXT 17884 UIDVALIDITY 3292 UNSEEN 0) 
[2020-08-28 10:58:02] IMAP< 26 OK STATUS completed 
[2020-08-28 10:58:55] IMAP> 53 NOOP 
[2020-08-28 10:58:55] IMAP< 53 OK NOOP completed (0.001 + 0.000 secs). 
[2020-08-28 10:58:55] IMAP> 27 NOOP 
[2020-08-28 10:58:55] IMAP< 27 OK NOOP completed 
[2020-08-28 10:59:55] IMAP> 54 NOOP 
[2020-08-28 10:59:55] IMAP< 54 OK NOOP completed (0.000 + 0.000 secs). 
[2020-08-28 10:59:55] IMAP> 28 NOOP 
[2020-08-28 10:59:55] IMAP< 28 OK NOOP completed 
[2020-08-28 11:00:55] IMAP> 55 NOOP 
[2020-08-28 11:00:55] IMAP< 55 OK NOOP completed (0.001 + 0.000 secs). 
[2020-08-28 11:00:55] IMAP> 29 NOOP 
[2020-08-28 11:00:55] IMAP< 29 OK NOOP completed 
